[10-May-2020 00:09:14 UTC] PHP Notice:  Undefined variable: project in /Users/vastudio-macmini2/Desktop/teste/wp-content/themes/square/page-servicos.php on line 51
[10-May-2020 00:09:14 UTC] PHP Notice:  Trying to get property 'ID' of non-object in /Users/vastudio-macmini2/Desktop/teste/wp-content/themes/square/page-servicos.php on line 51
[10-May-2020 00:58:29 UTC] PHP Notice:  Undefined variable: project in /Users/vastudio-macmini2/Desktop/teste/wp-content/themes/square/page-servicos.php on line 51
[10-May-2020 00:58:29 UTC] PHP Notice:  Trying to get property 'ID' of non-object in /Users/vastudio-macmini2/Desktop/teste/wp-content/themes/square/page-servicos.php on line 51
[10-May-2020 01:37:16 UTC] PHP Warning:  Invalid argument supplied for foreach() in /Users/vastudio-macmini2/Desktop/teste/wp-content/themes/square/page-home.php on line 81
[10-May-2020 01:37:25 UTC] PHP Warning:  Invalid argument supplied for foreach() in /Users/vastudio-macmini2/Desktop/teste/wp-content/themes/square/page-home.php on line 81
[10-May-2020 02:33:13 UTC] PHP Parse error:  syntax error, unexpected '{' in /Users/vastudio-macmini2/Desktop/teste/wp-content/themes/square/functions.php on line 127
[10-May-2020 02:33:14 UTC] PHP Parse error:  syntax error, unexpected '{' in /Users/vastudio-macmini2/Desktop/teste/wp-content/themes/square/functions.php on line 127
[10-May-2020 02:33:21 UTC] PHP Parse error:  syntax error, unexpected '{' in /Users/vastudio-macmini2/Desktop/teste/wp-content/themes/square/functions.php on line 127
[10-May-2020 02:33:21 UTC] PHP Parse error:  syntax error, unexpected '{' in /Users/vastudio-macmini2/Desktop/teste/wp-content/themes/square/functions.php on line 127
[10-May-2020 02:33:41 UTC] PHP Parse error:  syntax error, unexpected '{' in /Users/vastudio-macmini2/Desktop/teste/wp-content/themes/square/functions.php on line 127
[10-May-2020 02:34:04 UTC] PHP Fatal error:  Uncaught Error: Using $this when not in object context in /Users/vastudio-macmini2/Desktop/teste/wp-content/themes/square/functions.php:133
Stack trace:
#0 /Users/vastudio-macmini2/Desktop/teste/wp-settings.php(508): include()
#1 /Users/vastudio-macmini2/Desktop/teste/wp-config.php(86): require_once('/Users/vastudio...')
#2 /Users/vastudio-macmini2/Desktop/teste/wp-load.php(37): require_once('/Users/vastudio...')
#3 /Users/vastudio-macmini2/Desktop/teste/wp-admin/admin.php(34): require_once('/Users/vastudio...')
#4 /Users/vastudio-macmini2/Desktop/teste/wp-admin/post.php(12): require_once('/Users/vastudio...')
#5 {main}
  thrown in /Users/vastudio-macmini2/Desktop/teste/wp-content/themes/square/functions.php on line 133
[10-May-2020 02:34:04 UTC] PHP Fatal error:  Uncaught Error: Using $this when not in object context in /Users/vastudio-macmini2/Desktop/teste/wp-content/themes/square/functions.php:133
Stack trace:
#0 /Users/vastudio-macmini2/Desktop/teste/wp-settings.php(508): include()
#1 /Users/vastudio-macmini2/Desktop/teste/wp-config.php(86): require_once('/Users/vastudio...')
#2 /Users/vastudio-macmini2/Desktop/teste/wp-load.php(37): require_once('/Users/vastudio...')
#3 /Users/vastudio-macmini2/Desktop/teste/wp-blog-header.php(13): require_once('/Users/vastudio...')
#4 /Users/vastudio-macmini2/Desktop/teste/index.php(17): require('/Users/vastudio...')
#5 {main}
  thrown in /Users/vastudio-macmini2/Desktop/teste/wp-content/themes/square/functions.php on line 133
[10-May-2020 02:34:04 UTC] PHP Fatal error:  Uncaught Error: Using $this when not in object context in /Users/vastudio-macmini2/Desktop/teste/wp-content/themes/square/functions.php:133
Stack trace:
#0 /Users/vastudio-macmini2/Desktop/teste/wp-settings.php(508): include()
#1 /Users/vastudio-macmini2/Desktop/teste/wp-config.php(86): require_once('/Users/vastudio...')
#2 /Users/vastudio-macmini2/Desktop/teste/wp-load.php(37): require_once('/Users/vastudio...')
#3 /Users/vastudio-macmini2/Desktop/teste/wp-admin/admin-ajax.php(22): require_once('/Users/vastudio...')
#4 {main}
  thrown in /Users/vastudio-macmini2/Desktop/teste/wp-content/themes/square/functions.php on line 133
[10-May-2020 02:42:39 UTC] PHP Notice:  Undefined variable: project in /Users/vastudio-macmini2/Desktop/teste/wp-content/themes/square/page-servicos.php on line 51
[10-May-2020 02:42:39 UTC] PHP Notice:  Trying to get property 'ID' of non-object in /Users/vastudio-macmini2/Desktop/teste/wp-content/themes/square/page-servicos.php on line 51
[10-May-2020 02:48:19 UTC] PHP Notice:  Undefined variable: project in /Users/vastudio-macmini2/Desktop/teste/wp-content/themes/square/page-servicos.php on line 51
[10-May-2020 02:48:19 UTC] PHP Notice:  Trying to get property 'ID' of non-object in /Users/vastudio-macmini2/Desktop/teste/wp-content/themes/square/page-servicos.php on line 51
[10-May-2020 02:51:41 UTC] PHP Notice:  Undefined variable: project in /Users/vastudio-macmini2/Desktop/teste/wp-content/themes/square/page-servicos.php on line 51
[10-May-2020 02:51:41 UTC] PHP Notice:  Trying to get property 'ID' of non-object in /Users/vastudio-macmini2/Desktop/teste/wp-content/themes/square/page-servicos.php on line 51
[10-May-2020 02:52:06 UTC] PHP Notice:  Undefined variable: project in /Users/vastudio-macmini2/Desktop/teste/wp-content/themes/square/page-servicos.php on line 51
[10-May-2020 02:52:06 UTC] PHP Notice:  Trying to get property 'ID' of non-object in /Users/vastudio-macmini2/Desktop/teste/wp-content/themes/square/page-servicos.php on line 51
[10-May-2020 02:55:15 UTC] PHP Notice:  Undefined variable: project in /Users/vastudio-macmini2/Desktop/teste/wp-content/themes/square/page-servicos.php on line 51
[10-May-2020 02:55:15 UTC] PHP Notice:  Trying to get property 'ID' of non-object in /Users/vastudio-macmini2/Desktop/teste/wp-content/themes/square/page-servicos.php on line 51
[10-May-2020 02:56:25 UTC] PHP Notice:  Undefined variable: project in /Users/vastudio-macmini2/Desktop/teste/wp-content/themes/square/page-servicos.php on line 51
[10-May-2020 02:56:25 UTC] PHP Notice:  Trying to get property 'ID' of non-object in /Users/vastudio-macmini2/Desktop/teste/wp-content/themes/square/page-servicos.php on line 51
[10-May-2020 02:57:30 UTC] PHP Notice:  Undefined variable: project in /Users/vastudio-macmini2/Desktop/teste/wp-content/themes/square/page-servicos.php on line 51
[10-May-2020 02:57:30 UTC] PHP Notice:  Trying to get property 'ID' of non-object in /Users/vastudio-macmini2/Desktop/teste/wp-content/themes/square/page-servicos.php on line 51
[10-May-2020 02:58:02 UTC] PHP Notice:  Undefined variable: project in /Users/vastudio-macmini2/Desktop/teste/wp-content/themes/square/page-servicos.php on line 51
[10-May-2020 02:58:02 UTC] PHP Notice:  Trying to get property 'ID' of non-object in /Users/vastudio-macmini2/Desktop/teste/wp-content/themes/square/page-servicos.php on line 51
[10-May-2020 03:00:19 UTC] PHP Notice:  Undefined variable: project in /Users/vastudio-macmini2/Desktop/teste/wp-content/themes/square/page-servicos.php on line 51
[10-May-2020 03:00:19 UTC] PHP Notice:  Trying to get property 'ID' of non-object in /Users/vastudio-macmini2/Desktop/teste/wp-content/themes/square/page-servicos.php on line 51
[10-May-2020 03:02:18 UTC] PHP Notice:  Undefined variable: project in /Users/vastudio-macmini2/Desktop/teste/wp-content/themes/square/page-servicos.php on line 51
[10-May-2020 03:02:18 UTC] PHP Notice:  Trying to get property 'ID' of non-object in /Users/vastudio-macmini2/Desktop/teste/wp-content/themes/square/page-servicos.php on line 51
[10-May-2020 03:03:17 UTC] PHP Notice:  Undefined variable: project in /Users/vastudio-macmini2/Desktop/teste/wp-content/themes/square/page-servicos.php on line 51
[10-May-2020 03:03:17 UTC] PHP Notice:  Trying to get property 'ID' of non-object in /Users/vastudio-macmini2/Desktop/teste/wp-content/themes/square/page-servicos.php on line 51
[10-May-2020 03:05:30 UTC] PHP Notice:  Undefined variable: project in /Users/vastudio-macmini2/Desktop/teste/wp-content/themes/square/page-servicos.php on line 51
[10-May-2020 03:05:30 UTC] PHP Notice:  Trying to get property 'ID' of non-object in /Users/vastudio-macmini2/Desktop/teste/wp-content/themes/square/page-servicos.php on line 51
[10-May-2020 03:05:57 UTC] PHP Notice:  Undefined variable: project in /Users/vastudio-macmini2/Desktop/teste/wp-content/themes/square/page-servicos.php on line 51
[10-May-2020 03:05:57 UTC] PHP Notice:  Trying to get property 'ID' of non-object in /Users/vastudio-macmini2/Desktop/teste/wp-content/themes/square/page-servicos.php on line 51
[10-May-2020 03:07:04 UTC] PHP Notice:  Undefined variable: project in /Users/vastudio-macmini2/Desktop/teste/wp-content/themes/square/page-servicos.php on line 51
[10-May-2020 03:07:04 UTC] PHP Notice:  Trying to get property 'ID' of non-object in /Users/vastudio-macmini2/Desktop/teste/wp-content/themes/square/page-servicos.php on line 51
[10-May-2020 03:08:52 UTC] PHP Notice:  Undefined variable: project in /Users/vastudio-macmini2/Desktop/teste/wp-content/themes/square/page-servicos.php on line 51
[10-May-2020 03:08:52 UTC] PHP Notice:  Trying to get property 'ID' of non-object in /Users/vastudio-macmini2/Desktop/teste/wp-content/themes/square/page-servicos.php on line 51
[10-May-2020 03:09:41 UTC] PHP Notice:  Undefined variable: project in /Users/vastudio-macmini2/Desktop/teste/wp-content/themes/square/page-servicos.php on line 51
[10-May-2020 03:09:41 UTC] PHP Notice:  Trying to get property 'ID' of non-object in /Users/vastudio-macmini2/Desktop/teste/wp-content/themes/square/page-servicos.php on line 51
[10-May-2020 03:14:11 UTC] PHP Notice:  Undefined variable: project in /Users/vastudio-macmini2/Desktop/teste/wp-content/themes/square/page-servicos.php on line 51
[10-May-2020 03:14:11 UTC] PHP Notice:  Trying to get property 'ID' of non-object in /Users/vastudio-macmini2/Desktop/teste/wp-content/themes/square/page-servicos.php on line 51
[10-May-2020 03:15:50 UTC] PHP Notice:  Undefined variable: project in /Users/vastudio-macmini2/Desktop/teste/wp-content/themes/square/page-servicos.php on line 51
[10-May-2020 03:15:50 UTC] PHP Notice:  Trying to get property 'ID' of non-object in /Users/vastudio-macmini2/Desktop/teste/wp-content/themes/square/page-servicos.php on line 51
[10-May-2020 03:17:22 UTC] PHP Notice:  Undefined variable: project in /Users/vastudio-macmini2/Desktop/teste/wp-content/themes/square/page-servicos.php on line 51
[10-May-2020 03:17:22 UTC] PHP Notice:  Trying to get property 'ID' of non-object in /Users/vastudio-macmini2/Desktop/teste/wp-content/themes/square/page-servicos.php on line 51
[10-May-2020 03:20:22 UTC] PHP Notice:  Undefined variable: project in /Users/vastudio-macmini2/Desktop/teste/wp-content/themes/square/page-servicos.php on line 51
[10-May-2020 03:20:22 UTC] PHP Notice:  Trying to get property 'ID' of non-object in /Users/vastudio-macmini2/Desktop/teste/wp-content/themes/square/page-servicos.php on line 51
[10-May-2020 03:22:28 UTC] PHP Notice:  Undefined variable: project in /Users/vastudio-macmini2/Desktop/teste/wp-content/themes/square/page-servicos.php on line 51
[10-May-2020 03:22:28 UTC] PHP Notice:  Trying to get property 'ID' of non-object in /Users/vastudio-macmini2/Desktop/teste/wp-content/themes/square/page-servicos.php on line 51
[10-May-2020 03:22:30 UTC] PHP Notice:  Trying to get property 'ID' of non-object in /Users/vastudio-macmini2/Desktop/teste/wp-content/themes/square/partials/head.php on line 18
[10-May-2020 03:22:30 UTC] PHP Notice:  Trying to get property 'ID' of non-object in /Users/vastudio-macmini2/Desktop/teste/wp-content/themes/square/header.php on line 3
[10-May-2020 03:22:30 UTC] PHP Notice:  Trying to get property 'ID' of non-object in /Users/vastudio-macmini2/Desktop/teste/wp-content/themes/square/header.php on line 4
[10-May-2020 03:22:34 UTC] PHP Notice:  Undefined variable: project in /Users/vastudio-macmini2/Desktop/teste/wp-content/themes/square/page-servicos.php on line 51
[10-May-2020 03:22:34 UTC] PHP Notice:  Trying to get property 'ID' of non-object in /Users/vastudio-macmini2/Desktop/teste/wp-content/themes/square/page-servicos.php on line 51
[10-May-2020 03:22:36 UTC] PHP Notice:  Trying to get property 'ID' of non-object in /Users/vastudio-macmini2/Desktop/teste/wp-content/themes/square/partials/head.php on line 18
[10-May-2020 03:22:36 UTC] PHP Notice:  Trying to get property 'ID' of non-object in /Users/vastudio-macmini2/Desktop/teste/wp-content/themes/square/header.php on line 3
[10-May-2020 03:22:36 UTC] PHP Notice:  Trying to get property 'ID' of non-object in /Users/vastudio-macmini2/Desktop/teste/wp-content/themes/square/header.php on line 4
[10-May-2020 03:22:38 UTC] PHP Notice:  Undefined variable: project in /Users/vastudio-macmini2/Desktop/teste/wp-content/themes/square/page-servicos.php on line 51
[10-May-2020 03:22:38 UTC] PHP Notice:  Trying to get property 'ID' of non-object in /Users/vastudio-macmini2/Desktop/teste/wp-content/themes/square/page-servicos.php on line 51
[10-May-2020 03:23:16 UTC] PHP Notice:  Undefined variable: project in /Users/vastudio-macmini2/Desktop/teste/wp-content/themes/square/page-servicos.php on line 51
[10-May-2020 03:23:16 UTC] PHP Notice:  Trying to get property 'ID' of non-object in /Users/vastudio-macmini2/Desktop/teste/wp-content/themes/square/page-servicos.php on line 51
[10-May-2020 03:23:27 UTC] PHP Notice:  Undefined variable: project in /Users/vastudio-macmini2/Desktop/teste/wp-content/themes/square/page-servicos.php on line 51
[10-May-2020 03:23:27 UTC] PHP Notice:  Trying to get property 'ID' of non-object in /Users/vastudio-macmini2/Desktop/teste/wp-content/themes/square/page-servicos.php on line 51
[10-May-2020 03:24:24 UTC] PHP Notice:  Undefined variable: project in /Users/vastudio-macmini2/Desktop/teste/wp-content/themes/square/page-servicos.php on line 51
[10-May-2020 03:24:24 UTC] PHP Notice:  Trying to get property 'ID' of non-object in /Users/vastudio-macmini2/Desktop/teste/wp-content/themes/square/page-servicos.php on line 51
[10-May-2020 03:24:48 UTC] PHP Notice:  Undefined variable: project in /Users/vastudio-macmini2/Desktop/teste/wp-content/themes/square/page-servicos.php on line 51
[10-May-2020 03:24:48 UTC] PHP Notice:  Trying to get property 'ID' of non-object in /Users/vastudio-macmini2/Desktop/teste/wp-content/themes/square/page-servicos.php on line 51
[10-May-2020 03:25:18 UTC] PHP Notice:  Undefined variable: project in /Users/vastudio-macmini2/Desktop/teste/wp-content/themes/square/page-servicos.php on line 51
[10-May-2020 03:25:18 UTC] PHP Notice:  Trying to get property 'ID' of non-object in /Users/vastudio-macmini2/Desktop/teste/wp-content/themes/square/page-servicos.php on line 51
[10-May-2020 03:27:10 UTC] PHP Notice:  Undefined variable: project in /Users/vastudio-macmini2/Desktop/teste/wp-content/themes/square/page-servicos.php on line 51
[10-May-2020 03:27:10 UTC] PHP Notice:  Trying to get property 'ID' of non-object in /Users/vastudio-macmini2/Desktop/teste/wp-content/themes/square/page-servicos.php on line 51
[10-May-2020 03:28:18 UTC] PHP Notice:  Undefined variable: project in /Users/vastudio-macmini2/Desktop/teste/wp-content/themes/square/page-servicos.php on line 51
[10-May-2020 03:28:18 UTC] PHP Notice:  Trying to get property 'ID' of non-object in /Users/vastudio-macmini2/Desktop/teste/wp-content/themes/square/page-servicos.php on line 51
[10-May-2020 03:29:23 UTC] PHP Notice:  Undefined variable: project in /Users/vastudio-macmini2/Desktop/teste/wp-content/themes/square/page-servicos.php on line 51
[10-May-2020 03:29:23 UTC] PHP Notice:  Trying to get property 'ID' of non-object in /Users/vastudio-macmini2/Desktop/teste/wp-content/themes/square/page-servicos.php on line 51
[10-May-2020 03:30:18 UTC] PHP Notice:  Undefined variable: project in /Users/vastudio-macmini2/Desktop/teste/wp-content/themes/square/page-servicos.php on line 51
[10-May-2020 03:30:18 UTC] PHP Notice:  Trying to get property 'ID' of non-object in /Users/vastudio-macmini2/Desktop/teste/wp-content/themes/square/page-servicos.php on line 51
[10-May-2020 03:30:47 UTC] PHP Notice:  Undefined variable: project in /Users/vastudio-macmini2/Desktop/teste/wp-content/themes/square/page-servicos.php on line 51
[10-May-2020 03:30:47 UTC] PHP Notice:  Trying to get property 'ID' of non-object in /Users/vastudio-macmini2/Desktop/teste/wp-content/themes/square/page-servicos.php on line 51
[10-May-2020 03:32:49 UTC] PHP Notice:  Undefined variable: project in /Users/vastudio-macmini2/Desktop/teste/wp-content/themes/square/page-servicos.php on line 51
[10-May-2020 03:32:49 UTC] PHP Notice:  Trying to get property 'ID' of non-object in /Users/vastudio-macmini2/Desktop/teste/wp-content/themes/square/page-servicos.php on line 51
[10-May-2020 03:33:38 UTC] PHP Notice:  Undefined variable: project in /Users/vastudio-macmini2/Desktop/teste/wp-content/themes/square/page-servicos.php on line 51
[10-May-2020 03:33:38 UTC] PHP Notice:  Trying to get property 'ID' of non-object in /Users/vastudio-macmini2/Desktop/teste/wp-content/themes/square/page-servicos.php on line 51
[10-May-2020 03:40:01 UTC] PHP Notice:  Undefined variable: project in /Users/vastudio-macmini2/Desktop/teste/wp-content/themes/square/page-servicos.php on line 51
[10-May-2020 03:40:01 UTC] PHP Notice:  Trying to get property 'ID' of non-object in /Users/vastudio-macmini2/Desktop/teste/wp-content/themes/square/page-servicos.php on line 51
[10-May-2020 03:40:21 UTC] PHP Notice:  Undefined variable: project in /Users/vastudio-macmini2/Desktop/teste/wp-content/themes/square/page-servicos.php on line 51
[10-May-2020 03:40:21 UTC] PHP Notice:  Trying to get property 'ID' of non-object in /Users/vastudio-macmini2/Desktop/teste/wp-content/themes/square/page-servicos.php on line 51
[10-May-2020 03:40:44 UTC] PHP Notice:  Undefined variable: project in /Users/vastudio-macmini2/Desktop/teste/wp-content/themes/square/page-servicos.php on line 51
[10-May-2020 03:40:44 UTC] PHP Notice:  Trying to get property 'ID' of non-object in /Users/vastudio-macmini2/Desktop/teste/wp-content/themes/square/page-servicos.php on line 51
[10-May-2020 03:43:37 UTC] PHP Notice:  Undefined variable: project in /Users/vastudio-macmini2/Desktop/teste/wp-content/themes/square/page-servicos.php on line 51
[10-May-2020 03:43:37 UTC] PHP Notice:  Trying to get property 'ID' of non-object in /Users/vastudio-macmini2/Desktop/teste/wp-content/themes/square/page-servicos.php on line 51
[10-May-2020 03:44:00 UTC] PHP Notice:  Undefined variable: project in /Users/vastudio-macmini2/Desktop/teste/wp-content/themes/square/page-servicos.php on line 51
[10-May-2020 03:44:00 UTC] PHP Notice:  Trying to get property 'ID' of non-object in /Users/vastudio-macmini2/Desktop/teste/wp-content/themes/square/page-servicos.php on line 51
[10-May-2020 03:44:29 UTC] PHP Notice:  Undefined variable: project in /Users/vastudio-macmini2/Desktop/teste/wp-content/themes/square/page-servicos.php on line 51
[10-May-2020 03:44:29 UTC] PHP Notice:  Trying to get property 'ID' of non-object in /Users/vastudio-macmini2/Desktop/teste/wp-content/themes/square/page-servicos.php on line 51
[10-May-2020 03:44:42 UTC] PHP Notice:  Undefined variable: project in /Users/vastudio-macmini2/Desktop/teste/wp-content/themes/square/page-servicos.php on line 51
[10-May-2020 03:44:42 UTC] PHP Notice:  Trying to get property 'ID' of non-object in /Users/vastudio-macmini2/Desktop/teste/wp-content/themes/square/page-servicos.php on line 51
[10-May-2020 03:44:51 UTC] PHP Notice:  Undefined variable: project in /Users/vastudio-macmini2/Desktop/teste/wp-content/themes/square/page-servicos.php on line 51
[10-May-2020 03:44:51 UTC] PHP Notice:  Trying to get property 'ID' of non-object in /Users/vastudio-macmini2/Desktop/teste/wp-content/themes/square/page-servicos.php on line 51
[10-May-2020 03:45:15 UTC] PHP Notice:  Undefined variable: project in /Users/vastudio-macmini2/Desktop/teste/wp-content/themes/square/page-servicos.php on line 51
[10-May-2020 03:45:15 UTC] PHP Notice:  Trying to get property 'ID' of non-object in /Users/vastudio-macmini2/Desktop/teste/wp-content/themes/square/page-servicos.php on line 51
[10-May-2020 03:46:24 UTC] PHP Notice:  Undefined variable: project in /Users/vastudio-macmini2/Desktop/teste/wp-content/themes/square/page-servicos.php on line 51
[10-May-2020 03:46:24 UTC] PHP Notice:  Trying to get property 'ID' of non-object in /Users/vastudio-macmini2/Desktop/teste/wp-content/themes/square/page-servicos.php on line 51
[10-May-2020 03:48:15 UTC] PHP Notice:  Undefined variable: project in /Users/vastudio-macmini2/Desktop/teste/wp-content/themes/square/page-servicos.php on line 51
[10-May-2020 03:48:15 UTC] PHP Notice:  Trying to get property 'ID' of non-object in /Users/vastudio-macmini2/Desktop/teste/wp-content/themes/square/page-servicos.php on line 51
[10-May-2020 03:50:17 UTC] PHP Notice:  Undefined variable: project in /Users/vastudio-macmini2/Desktop/teste/wp-content/themes/square/page-servicos.php on line 51
[10-May-2020 03:50:17 UTC] PHP Notice:  Trying to get property 'ID' of non-object in /Users/vastudio-macmini2/Desktop/teste/wp-content/themes/square/page-servicos.php on line 51
[10-May-2020 03:50:40 UTC] PHP Notice:  Undefined variable: project in /Users/vastudio-macmini2/Desktop/teste/wp-content/themes/square/page-servicos.php on line 51
[10-May-2020 03:50:40 UTC] PHP Notice:  Trying to get property 'ID' of non-object in /Users/vastudio-macmini2/Desktop/teste/wp-content/themes/square/page-servicos.php on line 51
[10-May-2020 03:51:18 UTC] PHP Notice:  Undefined variable: project in /Users/vastudio-macmini2/Desktop/teste/wp-content/themes/square/page-servicos.php on line 51
[10-May-2020 03:51:18 UTC] PHP Notice:  Trying to get property 'ID' of non-object in /Users/vastudio-macmini2/Desktop/teste/wp-content/themes/square/page-servicos.php on line 51
[10-May-2020 03:51:39 UTC] PHP Notice:  Undefined variable: project in /Users/vastudio-macmini2/Desktop/teste/wp-content/themes/square/page-servicos.php on line 51
[10-May-2020 03:51:39 UTC] PHP Notice:  Trying to get property 'ID' of non-object in /Users/vastudio-macmini2/Desktop/teste/wp-content/themes/square/page-servicos.php on line 51
[10-May-2020 03:51:49 UTC] PHP Notice:  Undefined variable: project in /Users/vastudio-macmini2/Desktop/teste/wp-content/themes/square/page-servicos.php on line 51
[10-May-2020 03:51:49 UTC] PHP Notice:  Trying to get property 'ID' of non-object in /Users/vastudio-macmini2/Desktop/teste/wp-content/themes/square/page-servicos.php on line 51
[10-May-2020 03:52:18 UTC] PHP Notice:  Undefined variable: project in /Users/vastudio-macmini2/Desktop/teste/wp-content/themes/square/page-servicos.php on line 51
[10-May-2020 03:52:18 UTC] PHP Notice:  Trying to get property 'ID' of non-object in /Users/vastudio-macmini2/Desktop/teste/wp-content/themes/square/page-servicos.php on line 51
[10-May-2020 03:52:27 UTC] PHP Notice:  Undefined variable: project in /Users/vastudio-macmini2/Desktop/teste/wp-content/themes/square/page-servicos.php on line 51
[10-May-2020 03:52:27 UTC] PHP Notice:  Trying to get property 'ID' of non-object in /Users/vastudio-macmini2/Desktop/teste/wp-content/themes/square/page-servicos.php on line 51
[10-May-2020 03:53:01 UTC] PHP Notice:  Undefined variable: project in /Users/vastudio-macmini2/Desktop/teste/wp-content/themes/square/page-servicos.php on line 51
[10-May-2020 03:53:01 UTC] PHP Notice:  Trying to get property 'ID' of non-object in /Users/vastudio-macmini2/Desktop/teste/wp-content/themes/square/page-servicos.php on line 51
[10-May-2020 03:53:19 UTC] PHP Notice:  Undefined variable: project in /Users/vastudio-macmini2/Desktop/teste/wp-content/themes/square/page-servicos.php on line 51
[10-May-2020 03:53:19 UTC] PHP Notice:  Trying to get property 'ID' of non-object in /Users/vastudio-macmini2/Desktop/teste/wp-content/themes/square/page-servicos.php on line 51
[10-May-2020 03:54:34 UTC] PHP Notice:  Undefined variable: project in /Users/vastudio-macmini2/Desktop/teste/wp-content/themes/square/page-servicos.php on line 51
[10-May-2020 03:54:34 UTC] PHP Notice:  Trying to get property 'ID' of non-object in /Users/vastudio-macmini2/Desktop/teste/wp-content/themes/square/page-servicos.php on line 51
[10-May-2020 04:08:49 UTC] PHP Notice:  Undefined variable: project in /Users/vastudio-macmini2/Desktop/teste/wp-content/themes/square/page-servicos.php on line 51
[10-May-2020 04:08:49 UTC] PHP Notice:  Trying to get property 'ID' of non-object in /Users/vastudio-macmini2/Desktop/teste/wp-content/themes/square/page-servicos.php on line 51
[10-May-2020 04:08:53 UTC] PHP Notice:  Trying to get property 'ID' of non-object in /Users/vastudio-macmini2/Desktop/teste/wp-content/themes/square/partials/head.php on line 18
[10-May-2020 04:08:53 UTC] PHP Notice:  Trying to get property 'ID' of non-object in /Users/vastudio-macmini2/Desktop/teste/wp-content/themes/square/header.php on line 3
[10-May-2020 04:08:53 UTC] PHP Notice:  Trying to get property 'ID' of non-object in /Users/vastudio-macmini2/Desktop/teste/wp-content/themes/square/header.php on line 4
[10-May-2020 16:17:31 UTC] PHP Parse error:  syntax error, unexpected ')' in /Users/vastudio-macmini2/Desktop/teste/wp-content/themes/square/page-servicos.php on line 20
[10-May-2020 16:17:41 UTC] PHP Parse error:  syntax error, unexpected ';', expecting ',' or ')' in /Users/vastudio-macmini2/Desktop/teste/wp-content/themes/square/page-servicos.php on line 48
[10-May-2020 16:17:53 UTC] PHP Parse error:  syntax error, unexpected 'endwhile' (T_ENDWHILE) in /Users/vastudio-macmini2/Desktop/teste/wp-content/themes/square/page-servicos.php on line 56
[10-May-2020 16:18:17 UTC] PHP Notice:  Undefined variable: projeto in /Users/vastudio-macmini2/Desktop/teste/wp-content/themes/square/page-servicos.php on line 40
[10-May-2020 16:18:17 UTC] PHP Notice:  Trying to get property 'ID' of non-object in /Users/vastudio-macmini2/Desktop/teste/wp-content/themes/square/page-servicos.php on line 40
[10-May-2020 16:38:23 UTC] PHP Parse error:  syntax error, unexpected ':', expecting ';' in /Users/vastudio-macmini2/Desktop/teste/wp-content/themes/square/page-servicos.php on line 70
[10-May-2020 16:44:11 UTC] PHP Fatal error:  Uncaught Error: Cannot use object of type WP_Query as array in /Users/vastudio-macmini2/Desktop/teste/wp-content/themes/square/page-servicos.php:45
Stack trace:
#0 /Users/vastudio-macmini2/Desktop/teste/wp-includes/template-loader.php(106): include()
#1 /Users/vastudio-macmini2/Desktop/teste/wp-blog-header.php(19): require_once('/Users/vastudio...')
#2 /Users/vastudio-macmini2/Desktop/teste/index.php(17): require('/Users/vastudio...')
#3 {main}
  thrown in /Users/vastudio-macmini2/Desktop/teste/wp-content/themes/square/page-servicos.php on line 45
[10-May-2020 16:48:35 UTC] PHP Parse error:  syntax error, unexpected 'if' (T_IF) in /Users/vastudio-macmini2/Desktop/teste/wp-content/themes/square/includes/more-posts.php on line 16
[10-May-2020 16:57:42 UTC] PHP Notice:  Undefined variable: load_more in /Users/vastudio-macmini2/Desktop/teste/wp-content/themes/square/page-servicos.php on line 82
[10-May-2020 16:58:19 UTC] PHP Notice:  Undefined variable: load_more in /Users/vastudio-macmini2/Desktop/teste/wp-content/themes/square/page-servicos.php on line 82
[10-May-2020 16:58:37 UTC] PHP Notice:  Undefined variable: load_more in /Users/vastudio-macmini2/Desktop/teste/wp-content/themes/square/page-servicos.php on line 49
[10-May-2020 16:58:37 UTC] PHP Notice:  Undefined variable: load_more in /Users/vastudio-macmini2/Desktop/teste/wp-content/themes/square/page-servicos.php on line 82
[10-May-2020 16:59:00 UTC] PHP Parse error:  syntax error, unexpected '<', expecting elseif (T_ELSEIF) or else (T_ELSE) or endif (T_ENDIF) in /Users/vastudio-macmini2/Desktop/teste/wp-content/themes/square/page-servicos.php on line 53
[10-May-2020 17:14:01 UTC] PHP Notice:  Trying to get property 'ID' of non-object in /Users/vastudio-macmini2/Desktop/teste/wp-content/themes/square/partials/head.php on line 18
[10-May-2020 17:14:01 UTC] PHP Notice:  Trying to get property 'ID' of non-object in /Users/vastudio-macmini2/Desktop/teste/wp-content/themes/square/header.php on line 3
[10-May-2020 17:14:01 UTC] PHP Notice:  Trying to get property 'ID' of non-object in /Users/vastudio-macmini2/Desktop/teste/wp-content/themes/square/header.php on line 4
[10-May-2020 17:14:20 UTC] PHP Notice:  Trying to get property 'ID' of non-object in /Users/vastudio-macmini2/Desktop/teste/wp-content/themes/square/partials/head.php on line 18
[10-May-2020 17:14:20 UTC] PHP Notice:  Trying to get property 'ID' of non-object in /Users/vastudio-macmini2/Desktop/teste/wp-content/themes/square/header.php on line 3
[10-May-2020 17:14:20 UTC] PHP Notice:  Trying to get property 'ID' of non-object in /Users/vastudio-macmini2/Desktop/teste/wp-content/themes/square/header.php on line 4
